<?xml version="1.0" encoding="UTF-8"?>
<testng-results skipped="0" failed="0" ignored="0" total="1" passed="1">
  <reporter-output>
  </reporter-output>
  <suite name="Default suite" duration-ms="50146" started-at="2020-01-08T07:09:12Z" finished-at="2020-01-08T07:10:02Z">
    <groups>
    </groups>
    <test name="Default test" duration-ms="50146" started-at="2020-01-08T07:09:12Z" finished-at="2020-01-08T07:10:02Z">
      <class name="Testcases.Loginapplication">
        <test-method status="PASS" signature="Login()[pri:0, instance:Testcases.Loginapplication@548a9f61]" name="Login" duration-ms="50060" started-at="2020-01-08T07:09:12Z" finished-at="2020-01-08T07:10:02Z">
          <reporter-output>
          </reporter-output>
        </test-method> <!-- Login -->
      </class> <!-- Testcases.Loginapplication -->
    </test> <!-- Default test -->
  </suite> <!-- Default suite -->
</testng-results>
